<?xml version="1.0" encoding="UTF-8"?>
<!-- Generated by org.testng.reporters.JUnitXMLReporter -->
<testsuite ignored="0" hostname="LAPTOP-IGNMGMC1" failures="0" tests="2" name="Test" time="0.054" errors="0" timestamp="23 Sep 2022 14:24:24 GMT">
  <testcase classname="com.qa.preretirementcalculator.base.BaseTest" name="@BeforeTest setup" time="0.013">
    <failure type="java.lang.NoClassDefFoundError" message="com/qa/preretirementcalculator/factory/DriverFactory">
      <![CDATA[java.lang.NoClassDefFoundError: com/qa/preretirementcalculator/factory/DriverFactory
at com.qa.preretirementcalculator.base.BaseTest.setup(BaseTest.java:23)
Caused by: java.lang.ClassNotFoundException: com.qa.preretirementcalculator.factory.DriverFactory
at java.base/jdk.internal.loader.BuiltinClassLoader.loadClass(BuiltinClassLoader.java:606)
at java.base/jdk.internal.loader.ClassLoaders$AppClassLoader.loadClass(ClassLoaders.java:168)
at java.base/java.lang.ClassLoader.loadClass(ClassLoader.java:522)
... 25 more
... Removed 24 stack frames]]>
    </failure>
  </testcase> <!-- @BeforeTest setup -->
  <testcase classname="com.qa.preretirementcalculator.tests.RetirementCalculatorTest" name="@BeforeClass RetirementCalculatorTestSetup" time="0.0">
    <skipped/>
  </testcase> <!-- @BeforeClass RetirementCalculatorTestSetup -->
  <testcase classname="com.qa.preretirementcalculator.base.BaseTest" name="@AfterTest tearDown" time="0.0">
    <skipped/>
  </testcase> <!-- @AfterTest tearDown -->
  <testcase classname="com.qa.preretirementcalculator.tests.RetirementCalculatorTest" name="getRetirementCalculatorTitleTest" time="0.0">
    <skipped/>
  </testcase> <!-- getRetirementCalculatorTitleTest -->
  <testcase classname="com.qa.preretirementcalculator.tests.RetirementCalculatorTest" name="getRetirementCalculatorUrlTest" time="0.0">
    <skipped/>
  </testcase> <!-- getRetirementCalculatorUrlTest -->
</testsuite> <!-- Test -->
