<?xml version="1.0" encoding="UTF-8"?>
<testng-results ignored="0" total="3" passed="3" failed="0" skipped="0">
  <reporter-output>
  </reporter-output>
  <suite started-at="2022-09-24T11:04:54Z" name="Default suite" finished-at="2022-09-24T11:05:52Z" duration-ms="58779">
    <groups>
    </groups>
    <test started-at="2022-09-24T11:04:54Z" name="Default test" finished-at="2022-09-24T11:05:52Z" duration-ms="58779">
      <class name="com.qa.preretirementcalculator.tests.RetirementCalculatorTest">
        <test-method is-config="true" signature="setup()[pri:0, instance:com.qa.preretirementcalculator.tests.RetirementCalculatorTest@73d983ea]" started-at="2022-09-24T11:04:54Z" name="setup" finished-at="2022-09-24T11:05:09Z" duration-ms="15405" status="PASS">
          <reporter-output>
          </reporter-output>
        </test-method> <!-- setup -->
        <test-method is-config="true" signature="RetirementCalculatorTestSetup()[pri:0, instance:com.qa.preretirementcalculator.tests.RetirementCalculatorTest@73d983ea]" started-at="2022-09-24T11:05:09Z" name="RetirementCalculatorTestSetup" finished-at="2022-09-24T11:05:09Z" duration-ms="3" status="PASS">
          <reporter-output>
          </reporter-output>
        </test-method> <!-- RetirementCalculatorTestSetup -->
        <test-method signature="calculateRetirementSavingsTest(java.lang.String, java.lang.String, java.lang.String, java.lang.String, java.lang.String, java.lang.String, java.lang.String, java.lang.String)[pri:0, instance:com.qa.preretirementcalculator.tests.RetirementCalculatorTest@73d983ea]" started-at="2022-09-24T11:05:10Z" name="calculateRetirementSavingsTest" data-provider="calculateRetirementSavingsData" finished-at="2022-09-24T11:05:52Z" duration-ms="41917" status="PASS">
          <params>
            <param index="0">
              <value>
                <![CDATA[40]]>
              </value>
            </param>
            <param index="1">
              <value>
                <![CDATA[68]]>
              </value>
            </param>
            <param index="2">
              <value>
                <![CDATA[100000]]>
              </value>
            </param>
            <param index="3">
              <value>
                <![CDATA[75000]]>
              </value>
            </param>
            <param index="4">
              <value>
                <![CDATA[500000]]>
              </value>
            </param>
            <param index="5">
              <value>
                <![CDATA[10]]>
              </value>
            </param>
            <param index="6">
              <value>
                <![CDATA[25]]>
              </value>
            </param>
            <param index="7">
              <value>
                <![CDATA[yes]]>
              </value>
            </param>
          </params>
          <reporter-output>
          </reporter-output>
        </test-method> <!-- calculateRetirementSavingsTest -->
        <test-method signature="getRetirementCalculatorTitleTest()[pri:1, instance:com.qa.preretirementcalculator.tests.RetirementCalculatorTest@73d983ea]" started-at="2022-09-24T11:05:52Z" name="getRetirementCalculatorTitleTest" finished-at="2022-09-24T11:05:52Z" duration-ms="14" status="PASS">
          <reporter-output>
          </reporter-output>
        </test-method> <!-- getRetirementCalculatorTitleTest -->
        <test-method signature="getRetirementCalculatorUrlTest()[pri:2, instance:com.qa.preretirementcalculator.tests.RetirementCalculatorTest@73d983ea]" started-at="2022-09-24T11:05:52Z" name="getRetirementCalculatorUrlTest" finished-at="2022-09-24T11:05:52Z" duration-ms="9" status="PASS">
          <reporter-output>
          </reporter-output>
        </test-method> <!-- getRetirementCalculatorUrlTest -->
        <test-method is-config="true" signature="tearDown()[pri:0, instance:com.qa.preretirementcalculator.tests.RetirementCalculatorTest@73d983ea]" started-at="2022-09-24T11:05:52Z" name="tearDown" finished-at="2022-09-24T11:05:52Z" duration-ms="1" status="PASS">
          <reporter-output>
          </reporter-output>
        </test-method> <!-- tearDown -->
      </class> <!-- com.qa.preretirementcalculator.tests.RetirementCalculatorTest -->
    </test> <!-- Default test -->
  </suite> <!-- Default suite -->
</testng-results>
