<?xml version="1.0" encoding="UTF-8"?>
<!-- Generated by org.testng.reporters.JUnitXMLReporter -->
<testsuite ignored="0" hostname="LAPTOP-IGNMGMC1" failures="0" tests="3" name="Default test" time="58.779" errors="0" timestamp="24 Sep 2022 11:05:52 GMT">
  <testcase classname="com.qa.preretirementcalculator.tests.RetirementCalculatorTest" name="calculateRetirementSavingsTest" time="41.917"/>
  <testcase classname="com.qa.preretirementcalculator.tests.RetirementCalculatorTest" name="getRetirementCalculatorTitleTest" time="0.014"/>
  <testcase classname="com.qa.preretirementcalculator.tests.RetirementCalculatorTest" name="getRetirementCalculatorUrlTest" time="0.009"/>
</testsuite> <!-- Default test -->
